<?xml version="1.0" encoding="UTF-8"?>
<!-- Generated by org.testng.reporters.JUnitXMLReporter -->
<testsuite ignored="4" hostname="Anushka" failures="0" tests="1" name="Default test" time="3.655" errors="0" timestamp="13 Aug 2024 08:00:07 GMT">
  <testcase classname="NinzaTest.EmployeeTest" name="withoutNoEmployeeTest" time="3.614"/>
  <testcase classname="NinzaTest.EmployeeTest" name="withoutEmailEmployeeTest" time="0.0">
    <ignored/>
  </testcase> <!-- withoutEmailEmployeeTest -->
  <testcase classname="NinzaTest.EmployeeTest" name="addEmployeeTest" time="0.0">
    <ignored/>
  </testcase> <!-- addEmployeeTest -->
  <testcase classname="NinzaTest.EmployeeTest" name="withInvalidEmailEmployeeTest" time="0.0">
    <ignored/>
  </testcase> <!-- withInvalidEmailEmployeeTest -->
  <testcase classname="NinzaTest.EmployeeTest" name="withoutNameEmployeeTest" time="0.0">
    <ignored/>
  </testcase> <!-- withoutNameEmployeeTest -->
</testsuite> <!-- Default test -->
